[0.306s] Invoking command in '/home/student/ros_ws/RosSystem/build/hello_moveit': CMAKE_PREFIX_PATH=${CMAKE_PREFIX_PATH}:/home/student/ws_moveit2/install/moveit_configs_utils:/home/student/ws_moveit2/install/launch_param_builder:/home/student/ros_ws/RosSystem/install/urdf_robot:/home/student/ros_ws/RosSystem/install/beckhoff:/opt/ros/humble /usr/bin/cmake --build /home/student/ros_ws/RosSystem/build/hello_moveit -- -j16 -l16
[0.422s] [ 50%] [32mBuilding CXX object CMakeFiles/hello_moveit.dir/src/hello_moveit.cpp.o[0m
[1.479s] [01m[K/home/student/ros_ws/RosSystem/src/hello_moveit/src/hello_moveit.cpp:4:10:[m[K [01;31m[Kfatal error: [m[Kmoveit_msgs/DisplayRobotState.h: No such file or directory
[1.480s]     4 | #include [01;31m[K<moveit_msgs/DisplayRobotState.h>[m[K
[1.480s]       |          [01;31m[K^~~~~~~~~~~~~~~~~~~~~~~~~~~~~~~~~[m[K
[1.480s] compilation terminated.
[1.489s] gmake[2]: *** [CMakeFiles/hello_moveit.dir/build.make:76: CMakeFiles/hello_moveit.dir/src/hello_moveit.cpp.o] Error 1
[1.490s] gmake[1]: *** [CMakeFiles/Makefile2:137: CMakeFiles/hello_moveit.dir/all] Error 2
[1.490s] gmake: *** [Makefile:146: all] Error 2
[1.496s] Invoked command in '/home/student/ros_ws/RosSystem/build/hello_moveit' returned '2': CMAKE_PREFIX_PATH=${CMAKE_PREFIX_PATH}:/home/student/ws_moveit2/install/moveit_configs_utils:/home/student/ws_moveit2/install/launch_param_builder:/home/student/ros_ws/RosSystem/install/urdf_robot:/home/student/ros_ws/RosSystem/install/beckhoff:/opt/ros/humble /usr/bin/cmake --build /home/student/ros_ws/RosSystem/build/hello_moveit -- -j16 -l16
