[01m[K/home/student/ros_ws/RosSystem/src/hello_moveit/src/hello_moveit.cpp:[m[K In lambda function:
[01m[K/home/student/ros_ws/RosSystem/src/hello_moveit/src/hello_moveit.cpp:33:34:[m[K [01;31m[Kerror: [m[Kâ€˜[01m[KsetOrientationAroundX[m[Kâ€™ was not declared in this scope
   33 |     tf2::Quaternion quaternion = [01;31m[KsetOrientationAroundX[m[K(angle_rad);
      |                                  [01;31m[K^~~~~~~~~~~~~~~~~~~~~[m[K
[01m[K/home/student/ros_ws/RosSystem/src/hello_moveit/src/hello_moveit.cpp:39:5:[m[K [01;31m[Kerror: [m[Kâ€˜[01m[Kmove_group[m[Kâ€™ was not declared in this scope
   39 |     [01;31m[Kmove_group[m[K.setPoseTarget(pose_goal);
      |     [01;31m[K^~~~~~~~~~[m[K
[01m[K/home/student/ros_ws/RosSystem/src/hello_moveit/src/hello_moveit.cpp:39:30:[m[K [01;31m[Kerror: [m[Kâ€˜[01m[Kpose_goal[m[Kâ€™ was not declared in this scope
   39 |     move_group.setPoseTarget([01;31m[Kpose_goal[m[K);
      |                              [01;31m[K^~~~~~~~~[m[K
gmake[2]: *** [CMakeFiles/hello_moveit.dir/build.make:76: CMakeFiles/hello_moveit.dir/src/hello_moveit.cpp.o] Error 1
gmake[1]: *** [CMakeFiles/Makefile2:137: CMakeFiles/hello_moveit.dir/all] Error 2
gmake: *** [Makefile:146: all] Error 2
